<?xml version="1.0" encoding="UTF-8"?>
<testsuite name="com.example.RoutesControllerWebIntegrationTest" time="1.139" tests="1" errors="1" skipped="0" failures="0">
  <properties>
[...]
</properties>
  <testcase name="testListAll" classname="com.example.RoutesControllerWebIntegrationTest" time="1.139">
    <error message="I/O error on GET request for &quot;http://localhost:9191/api/v1/routes&quot;: Connection refused: connect; nested exception is java.net.ConnectException: Connection refused: connect" type="org.springframework.web.client.ResourceAccessException"><![CDATA[org.springframework.web.client.ResourceAccessException: I/O error on GET request for "http://localhost:9191/api/v1/routes": Connection refused: connect; nested exception is java.net.ConnectException: Connection refused: connect
	at java.net.DualStackPlainSocketImpl.connect0(Native Method)
	at java.net.DualStackPlainSocketImpl.socketConnect(DualStackPlainSocketImpl.java:79)
	at java.net.AbstractPlainSocketImpl.doConnect(AbstractPlainSocketImpl.java:350)
	at java.net.AbstractPlainSocketImpl.connectToAddress(AbstractPlainSocketImpl.java:206)
	at java.net.AbstractPlainSocketImpl.connect(AbstractPlainSocketImpl.java:188)
	at java.net.PlainSocketImpl.connect(PlainSocketImpl.java:172)
	at java.net.SocksSocketImpl.connect(SocksSocketImpl.java:392)
	at java.net.Socket.connect(Socket.java:589)
	at java.net.Socket.connect(Socket.java:538)
	at sun.net.NetworkClient.doConnect(NetworkClient.java:180)
	at sun.net.www.http.HttpClient.openServer(HttpClient.java:432)
	at sun.net.www.http.HttpClient.openServer(HttpClient.java:527)
	at sun.net.www.http.HttpClient.<init>(HttpClient.java:211)
	at sun.net.www.http.HttpClient.New(HttpClient.java:308)
	at sun.net.www.http.HttpClient.New(HttpClient.java:326)
	at sun.net.www.protocol.http.HttpURLConnection.getNewHttpClient(HttpURLConnection.java:1169)
	at sun.net.www.protocol.http.HttpURLConnection.plainConnect0(HttpURLConnection.java:1105)
	at sun.net.www.protocol.http.HttpURLConnection.plainConnect(HttpURLConnection.java:999)
	at sun.net.www.protocol.http.HttpURLConnection.connect(HttpURLConnection.java:933)
	at org.springframework.http.client.SimpleBufferingClientHttpRequest.executeInternal(SimpleBufferingClientHttpRequest.java:80)
	at org.springframework.http.client.AbstractBufferingClientHttpRequest.executeInternal(AbstractBufferingClientHttpRequest.java:48)
	at org.springframework.http.client.AbstractClientHttpRequest.execute(AbstractClientHttpRequest.java:53)
	at org.springframework.web.client.RestTemplate.doExecute(RestTemplate.java:596)
	at org.springframework.web.client.RestTemplate.execute(RestTemplate.java:557)
	at org.springframework.web.client.RestTemplate.getForEntity(RestTemplate.java:289)
	at com.example.RoutesControllerWebIntegrationTest.testListAll(RoutesControllerWebIntegrationTest.java:30)
]]></error>
    <system-out><![CDATA[2016-06-27 23:38:28.418  INFO 4464 --- [           main] o.s.t.c.support.AbstractContextLoader    : Could not detect default resource locations for test class [com.example.RoutesControllerWebIntegrationTest]: no resource found for suffixes {-context.xml, Context.groovy}.
2016-06-27 23:38:28.420  INFO 4464 --- [           main] WebAppIntegrationTestContextBootstrapper : Loaded default TestExecutionListener class names from location [META-INF/spring.factories]: [org.springframework.test.context.web.ServletTestExecutionListener, org.springframework.test.context.support.DirtiesContextBeforeModesTestExecutionListener, org.springframework.test.context.support.DependencyInjectionTestExecutionListener, org.springframework.test.context.support.DirtiesContextTestExecutionListener, org.springframework.test.context.transaction.TransactionalTestExecutionListener, org.springframework.test.context.jdbc.SqlScriptsTestExecutionListener]
2016-06-27 23:38:28.421  INFO 4464 --- [           main] WebAppIntegrationTestContextBootstrapper : Using TestExecutionListeners: [org.springframework.test.context.web.ServletTestExecutionListener@1bedc703, org.springframework.test.context.support.DirtiesContextBeforeModesTestExecutionListener@18d11527, org.springframework.test.context.support.DependencyInjectionTestExecutionListener@4998e74b, org.springframework.test.context.support.DirtiesContextTestExecutionListener@5d878b25, org.springframework.test.context.transaction.TransactionalTestExecutionListener@28279a49, org.springframework.test.context.jdbc.SqlScriptsTestExecutionListener@384fda47]

  .   ____          _            __ _ _
 /\\ / ___'_ __ _ _(_)_ __  __ _ \ \ \ \
( ( )\___ | '_ | '_| | '_ \/ _` | \ \ \ \
 \\/  ___)| |_)| | | | | || (_| |  ) ) ) )
  '  |____| .__|_| |_|_| |_\__, | / / / /
 =========|_|==============|___/=/_/_/_/
 :: Spring Boot ::        (v1.3.5.RELEASE)

2016-06-27 23:38:28.480 DEBUG 4464 --- [           main] o.s.w.c.s.StandardServletEnvironment     : Adding [servletConfigInitParams] PropertySource with lowest search precedence
2016-06-27 23:38:28.480 DEBUG 4464 --- [           main] o.s.w.c.s.StandardServletEnvironment     : Adding [servletContextInitParams] PropertySource with lowest search precedence
2016-06-27 23:38:28.480 DEBUG 4464 --- [           main] o.s.w.c.s.StandardServletEnvironment     : Adding [systemProperties] PropertySource with lowest search precedence
2016-06-27 23:38:28.480 DEBUG 4464 --- [           main] o.s.w.c.s.StandardServletEnvironment     : Adding [systemEnvironment] PropertySource with lowest search precedence
2016-06-27 23:38:28.480 DEBUG 4464 --- [           main] o.s.w.c.s.StandardServletEnvironment     : Initialized StandardServletEnvironment with PropertySources [servletConfigInitParams,servletContextInitParams,systemProperties,systemEnvironment]
2016-06-27 23:38:28.482  INFO 4464 --- [           main] c.e.RoutesControllerWebIntegrationTest   : Starting RoutesControllerWebIntegrationTest on James-PC with PID 4464 (D:\Users\Work\IdeaProjects\theBoat\target\test-classes started by Work in D:\Users\Work\IdeaProjects\theBoat)
2016-06-27 23:38:28.482  INFO 4464 --- [           main] c.e.RoutesControllerWebIntegrationTest   : No active profile set, falling back to default profiles: default
2016-06-27 23:38:28.484  INFO 4464 --- [           main] ationConfigEmbeddedWebApplicationContext : Refreshing org.springframework.boot.context.embedded.AnnotationConfigEmbeddedWebApplicationContext@cde8c6c: startup date [Mon Jun 27 23:38:28 BST 2016]; root of context hierarchy
2016-06-27 23:38:29.192  INFO 4464 --- [           main] trationDelegate$BeanPostProcessorChecker : Bean 'org.springframework.transaction.annotation.ProxyTransactionManagementConfiguration' of type [class org.springframework.transaction.annotation.ProxyTransactionManagementConfiguration$$EnhancerBySpringCGLIB$$f826506a] is not eligible for getting processed by all BeanPostProcessors (for example: not eligible for auto-proxying)
2016-06-27 23:38:29.464  INFO 4464 --- [           main] s.b.c.e.t.TomcatEmbeddedServletContainer : Tomcat initialized with port(s): 9090 (http)
2016-06-27 23:38:29.475  INFO 4464 --- [           main] o.apache.catalina.core.StandardService   : Starting service Tomcat
2016-06-27 23:38:29.477  INFO 4464 --- [           main] org.apache.catalina.core.StandardEngine  : Starting Servlet Engine: Apache Tomcat/8.0.33
2016-06-27 23:38:29.596  INFO 4464 --- [ost-startStop-1] o.a.c.c.C.[Tomcat].[localhost].[/]       : Initializing Spring embedded WebApplicationContext
2016-06-27 23:38:29.596 DEBUG 4464 --- [ost-startStop-1] o.s.web.context.ContextLoader            : Published root WebApplicationContext as ServletContext attribute with name [org.springframework.web.context.WebApplicationContext.ROOT]
2016-06-27 23:38:29.596  INFO 4464 --- [ost-startStop-1] o.s.web.context.ContextLoader            : Root WebApplicationContext: initialization completed in 1112 ms
2016-06-27 23:38:29.821 DEBUG 4464 --- [ost-startStop-1] o.s.w.c.s.StandardServletEnvironment     : Adding [servletConfigInitParams] PropertySource with lowest search precedence
2016-06-27 23:38:29.821 DEBUG 4464 --- [ost-startStop-1] o.s.w.c.s.StandardServletEnvironment     : Adding [servletContextInitParams] PropertySource with lowest search precedence
2016-06-27 23:38:29.822 DEBUG 4464 --- [ost-startStop-1] o.s.w.c.s.StandardServletEnvironment     : Adding [systemProperties] PropertySource with lowest search precedence
2016-06-27 23:38:29.822 DEBUG 4464 --- [ost-startStop-1] o.s.w.c.s.StandardServletEnvironment     : Adding [systemEnvironment] PropertySource with lowest search precedence
2016-06-27 23:38:29.822 DEBUG 4464 --- [ost-startStop-1] o.s.w.c.s.StandardServletEnvironment     : Initialized StandardServletEnvironment with PropertySources [servletConfigInitParams,servletContextInitParams,systemProperties,systemEnvironment]
2016-06-27 23:38:29.832 DEBUG 4464 --- [ost-startStop-1] o.s.w.c.s.StandardServletEnvironment     : Adding [servletConfigInitParams] PropertySource with lowest search precedence
2016-06-27 23:38:29.833 DEBUG 4464 --- [ost-startStop-1] o.s.w.c.s.StandardServletEnvironment     : Adding [servletContextInitParams] PropertySource with lowest search precedence
2016-06-27 23:38:29.833 DEBUG 4464 --- [ost-startStop-1] o.s.w.c.s.StandardServletEnvironment     : Adding [systemProperties] PropertySource with lowest search precedence
2016-06-27 23:38:29.833 DEBUG 4464 --- [ost-startStop-1] o.s.w.c.s.StandardServletEnvironment     : Adding [systemEnvironment] PropertySource with lowest search precedence
2016-06-27 23:38:29.833 DEBUG 4464 --- [ost-startStop-1] o.s.w.c.s.StandardServletEnvironment     : Initialized StandardServletEnvironment with PropertySources [servletConfigInitParams,servletContextInitParams,systemProperties,systemEnvironment]
2016-06-27 23:38:29.837 DEBUG 4464 --- [ost-startStop-1] o.s.w.c.s.StandardServletEnvironment     : Adding [servletConfigInitParams] PropertySource with lowest search precedence
2016-06-27 23:38:29.838 DEBUG 4464 --- [ost-startStop-1] o.s.w.c.s.StandardServletEnvironment     : Adding [servletContextInitParams] PropertySource with lowest search precedence
2016-06-27 23:38:29.838 DEBUG 4464 --- [ost-startStop-1] o.s.w.c.s.StandardServletEnvironment     : Adding [systemProperties] PropertySource with lowest search precedence
2016-06-27 23:38:29.838 DEBUG 4464 --- [ost-startStop-1] o.s.w.c.s.StandardServletEnvironment     : Adding [systemEnvironment] PropertySource with lowest search precedence
2016-06-27 23:38:29.838 DEBUG 4464 --- [ost-startStop-1] o.s.w.c.s.StandardServletEnvironment     : Initialized StandardServletEnvironment with PropertySources [servletConfigInitParams,servletContextInitParams,systemProperties,systemEnvironment]
2016-06-27 23:38:29.850 DEBUG 4464 --- [ost-startStop-1] o.s.w.c.s.StandardServletEnvironment     : Adding [servletConfigInitParams] PropertySource with lowest search precedence
2016-06-27 23:38:29.850 DEBUG 4464 --- [ost-startStop-1] o.s.w.c.s.StandardServletEnvironment     : Adding [servletContextInitParams] PropertySource with lowest search precedence
2016-06-27 23:38:29.850 DEBUG 4464 --- [ost-startStop-1] o.s.w.c.s.StandardServletEnvironment     : Adding [systemProperties] PropertySource with lowest search precedence
2016-06-27 23:38:29.851 DEBUG 4464 --- [ost-startStop-1] o.s.w.c.s.StandardServletEnvironment     : Adding [systemEnvironment] PropertySource with lowest search precedence
2016-06-27 23:38:29.851 DEBUG 4464 --- [ost-startStop-1] o.s.w.c.s.StandardServletEnvironment     : Initialized StandardServletEnvironment with PropertySources [servletConfigInitParams,servletContextInitParams,systemProperties,systemEnvironment]
2016-06-27 23:38:29.861  INFO 4464 --- [ost-startStop-1] o.s.b.c.e.ServletRegistrationBean        : Mapping servlet: 'dispatcherServlet' to [/]
2016-06-27 23:38:29.864  INFO 4464 --- [ost-startStop-1] o.s.b.c.e.ServletRegistrationBean        : Mapping servlet: 'webServlet' to [/h2/*]
2016-06-27 23:38:29.867  INFO 4464 --- [ost-startStop-1] o.s.b.c.embedded.FilterRegistrationBean  : Mapping filter: 'characterEncodingFilter' to: [/*]
2016-06-27 23:38:29.868  INFO 4464 --- [ost-startStop-1] o.s.b.c.embedded.FilterRegistrationBean  : Mapping filter: 'hiddenHttpMethodFilter' to: [/*]
2016-06-27 23:38:29.868  INFO 4464 --- [ost-startStop-1] o.s.b.c.embedded.FilterRegistrationBean  : Mapping filter: 'httpPutFormContentFilter' to: [/*]
2016-06-27 23:38:29.868  INFO 4464 --- [ost-startStop-1] o.s.b.c.embedded.FilterRegistrationBean  : Mapping filter: 'requestContextFilter' to: [/*]
2016-06-27 23:38:30.079  INFO 4464 --- [           main] o.f.c.i.dbsupport.DbSupportFactory       : Database: jdbc:h2:file:~/theBoat (H2 1.4)
2016-06-27 23:38:30.086  INFO 4464 --- [           main] o.f.core.internal.command.DbValidate     : Validated 1 migration (execution time 00:00.005s)
2016-06-27 23:38:30.096  INFO 4464 --- [           main] o.f.core.internal.command.DbMigrate      : Current version of schema "PUBLIC": 2
2016-06-27 23:38:30.097  INFO 4464 --- [           main] o.f.core.internal.command.DbMigrate      : Schema "PUBLIC" is up to date. No migration necessary.
2016-06-27 23:38:30.132  INFO 4464 --- [           main] j.LocalContainerEntityManagerFactoryBean : Building JPA container EntityManagerFactory for persistence unit 'default'
2016-06-27 23:38:30.132  INFO 4464 --- [           main] o.hibernate.jpa.internal.util.LogHelper  : HHH000204: Processing PersistenceUnitInfo [
	name: default
	...]
2016-06-27 23:38:30.137  WARN 4464 --- [           main] o.a.tomcat.jdbc.pool.ConnectionPool      : Database connection pool evicter thread interval is set to lower than 1 second.
2016-06-27 23:38:30.141  INFO 4464 --- [           main] org.hibernate.dialect.Dialect            : HHH000400: Using dialect: org.hibernate.dialect.H2Dialect
2016-06-27 23:38:30.144  INFO 4464 --- [           main] o.h.h.i.ast.ASTQueryTranslatorFactory    : HHH000397: Using ASTQueryTranslatorFactory
2016-06-27 23:38:30.144  WARN 4464 --- [           main] org.hibernate.cfg.SettingsFactory        : Unrecognized value for "hibernate.hbm2ddl.auto": false;
2016-06-27 23:38:30.154  WARN 4464 --- [           main] o.h.j.i.EntityManagerFactoryRegistry     : HHH000436: Entity manager factory name (default) is already registered.  If entity manager will be clustered or passivated, specify a unique value for property 'hibernate.ejb.entitymanager_factory_name'
2016-06-27 23:38:30.429  INFO 4464 --- [           main] s.w.s.m.m.a.RequestMappingHandlerAdapter : Looking for @ControllerAdvice: org.springframework.boot.context.embedded.AnnotationConfigEmbeddedWebApplicationContext@cde8c6c: startup date [Mon Jun 27 23:38:28 BST 2016]; root of context hierarchy
2016-06-27 23:38:30.485 DEBUG 4464 --- [           main] s.w.s.m.m.a.RequestMappingHandlerMapping : Looking for request mappings in application context: org.springframework.boot.context.embedded.AnnotationConfigEmbeddedWebApplicationContext@cde8c6c: startup date [Mon Jun 27 23:38:28 BST 2016]; root of context hierarchy
2016-06-27 23:38:30.494 DEBUG 4464 --- [           main] s.w.s.m.m.a.RequestMappingHandlerMapping : 1 request handler methods found on class com.example.controller.HomeController: {public java.lang.String com.example.controller.HomeController.home()={[/]}}
2016-06-27 23:38:30.495  INFO 4464 --- [           main] s.w.s.m.m.a.RequestMappingHandlerMapping : Mapped "{[/]}" onto public java.lang.String com.example.controller.HomeController.home()
2016-06-27 23:38:30.497 DEBUG 4464 --- [           main] s.w.s.m.m.a.RequestMappingHandlerMapping : 5 request handler methods found on class com.example.controller.RoutesController: {public com.example.model.Route com.example.controller.RoutesController.get(long)={[/api/v1/routes/{id}],methods=[GET]}, public com.example.model.Route com.example.controller.RoutesController.update(long,com.example.model.Route)={[/api/v1/routes/{id}],methods=[PUT]}, public com.example.model.Route com.example.controller.RoutesController.delete(long)={[/api/v1/routes/{id}],methods=[DELETE]}, public com.example.model.Route com.example.controller.RoutesController.create(com.example.model.Route)={[/api/v1/routes],methods=[POST]}, public java.util.List com.example.controller.RoutesController.list()={[/api/v1/routes],methods=[GET]}}
2016-06-27 23:38:30.498  INFO 4464 --- [           main] s.w.s.m.m.a.RequestMappingHandlerMapping : Mapped "{[/api/v1/routes/{id}],methods=[GET]}" onto public com.example.model.Route com.example.controller.RoutesController.get(long)
2016-06-27 23:38:30.498  INFO 4464 --- [           main] s.w.s.m.m.a.RequestMappingHandlerMapping : Mapped "{[/api/v1/routes/{id}],methods=[PUT]}" onto public com.example.model.Route com.example.controller.RoutesController.update(long,com.example.model.Route)
2016-06-27 23:38:30.498  INFO 4464 --- [           main] s.w.s.m.m.a.RequestMappingHandlerMapping : Mapped "{[/api/v1/routes/{id}],methods=[DELETE]}" onto public com.example.model.Route com.example.controller.RoutesController.delete(long)
2016-06-27 23:38:30.498  INFO 4464 --- [           main] s.w.s.m.m.a.RequestMappingHandlerMapping : Mapped "{[/api/v1/routes],methods=[POST]}" onto public com.example.model.Route com.example.controller.RoutesController.create(com.example.model.Route)
2016-06-27 23:38:30.499  INFO 4464 --- [           main] s.w.s.m.m.a.RequestMappingHandlerMapping : Mapped "{[/api/v1/routes],methods=[GET]}" onto public java.util.List<com.example.model.Route> com.example.controller.RoutesController.list()
2016-06-27 23:38:30.501 DEBUG 4464 --- [           main] s.w.s.m.m.a.RequestMappingHandlerMapping : 2 request handler methods found on class org.springframework.boot.autoconfigure.web.BasicErrorController: {public org.springframework.http.ResponseEntity org.springframework.boot.autoconfigure.web.BasicErrorController.error(javax.servlet.http.HttpServletRequest)={[/error]}, public org.springframework.web.servlet.ModelAndView org.springframework.boot.autoconfigure.web.BasicErrorController.errorHtml(javax.servlet.http.HttpServletRequest,javax.servlet.http.HttpServletResponse)={[/error],produces=[text/html]}}
2016-06-27 23:38:30.501  INFO 4464 --- [           main] s.w.s.m.m.a.RequestMappingHandlerMapping : Mapped "{[/error]}" onto public org.springframework.http.ResponseEntity<java.util.Map<java.lang.String, java.lang.Object>> org.springframework.boot.autoconfigure.web.BasicErrorController.error(javax.servlet.http.HttpServletRequest)
2016-06-27 23:38:30.501  INFO 4464 --- [           main] s.w.s.m.m.a.RequestMappingHandlerMapping : Mapped "{[/error],produces=[text/html]}" onto public org.springframework.web.servlet.ModelAndView org.springframework.boot.autoconfigure.web.BasicErrorController.errorHtml(javax.servlet.http.HttpServletRequest,javax.servlet.http.HttpServletResponse)
2016-06-27 23:38:30.508  INFO 4464 --- [           main] o.s.w.s.c.a.WebMvcConfigurerAdapter      : Adding welcome page: class path resource [public/index.html]
2016-06-27 23:38:30.522  INFO 4464 --- [           main] o.s.w.s.handler.SimpleUrlHandlerMapping  : Root mapping to handler of type [class org.springframework.web.servlet.mvc.ParameterizableViewController]
2016-06-27 23:38:30.529 DEBUG 4464 --- [           main] o.s.w.s.h.BeanNameUrlHandlerMapping      : Looking for URL mappings in application context: org.springframework.boot.context.embedded.AnnotationConfigEmbeddedWebApplicationContext@cde8c6c: startup date [Mon Jun 27 23:38:28 BST 2016]; root of context hierarchy
2016-06-27 23:38:30.530 DEBUG 4464 --- [           main] o.s.w.s.h.BeanNameUrlHandlerMapping      : Rejected bean name 'org.springframework.context.annotation.internalConfigurationAnnotationProcessor': no URL paths identified
2016-06-27 23:38:30.530 DEBUG 4464 --- [           main] o.s.w.s.h.BeanNameUrlHandlerMapping      : Rejected bean name 'org.springframework.context.annotation.internalAutowiredAnnotationProcessor': no URL paths identified
2016-06-27 23:38:30.530 DEBUG 4464 --- [           main] o.s.w.s.h.BeanNameUrlHandlerMapping      : Rejected bean name 'org.springframework.context.annotation.internalRequiredAnnotationProcessor': no URL paths identified
2016-06-27 23:38:30.530 DEBUG 4464 --- [           main] o.s.w.s.h.BeanNameUrlHandlerMapping      : Rejected bean name 'org.springframework.context.annotation.internalCommonAnnotationProcessor': no URL paths identified
2016-06-27 23:38:30.530 DEBUG 4464 --- [           main] o.s.w.s.h.BeanNameUrlHandlerMapping      : Rejected bean name 'org.springframework.context.annotation.internalPersistenceAnnotationProcessor': no URL paths identified
2016-06-27 23:38:30.530 DEBUG 4464 --- [           main] o.s.w.s.h.BeanNameUrlHandlerMapping      : Rejected bean name 'org.springframework.context.event.internalEventListenerProcessor': no URL paths identified
2016-06-27 23:38:30.530 DEBUG 4464 --- [           main] o.s.w.s.h.BeanNameUrlHandlerMapping      : Rejected bean name 'org.springframework.context.event.internalEventListenerFactory': no URL paths identified
2016-06-27 23:38:30.530 DEBUG 4464 --- [           main] o.s.w.s.h.BeanNameUrlHandlerMapping      : Rejected bean name 'theBoatApplication': no URL paths identified
2016-06-27 23:38:30.530 DEBUG 4464 --- [           main] o.s.w.s.h.BeanNameUrlHandlerMapping      : Rejected bean name 'org.springframework.context.annotation.ConfigurationClassPostProcessor.importAwareProcessor': no URL paths identified
2016-06-27 23:38:30.530 DEBUG 4464 --- [           main] o.s.w.s.h.BeanNameUrlHandlerMapping      : Rejected bean name 'org.springframework.context.annotation.ConfigurationClassPostProcessor.enhancedConfigurationProcessor': no URL paths identified
2016-06-27 23:38:30.530 DEBUG 4464 --- [           main] o.s.w.s.h.BeanNameUrlHandlerMapping      : Rejected bean name 'persistanceConfiguration': no URL paths identified
2016-06-27 23:38:30.530 DEBUG 4464 --- [           main] o.s.w.s.h.BeanNameUrlHandlerMapping      : Rejected bean name 'homeController': no URL paths identified
2016-06-27 23:38:30.530 DEBUG 4464 --- [           main] o.s.w.s.h.BeanNameUrlHandlerMapping      : Rejected bean name 'routesController': no URL paths identified
2016-06-27 23:38:30.530 DEBUG 4464 --- [           main] o.s.w.s.h.BeanNameUrlHandlerMapping      : Rejected bean name 'dataSource': no URL paths identified
2016-06-27 23:38:30.530 DEBUG 4464 --- [           main] o.s.w.s.h.BeanNameUrlHandlerMapping      : Rejected bean name 'flywayDataSource': no URL paths identified
2016-06-27 23:38:30.530 DEBUG 4464 --- [           main] o.s.w.s.h.BeanNameUrlHandlerMapping      : Rejected bean name 'org.springframework.boot.autoconfigure.AutoConfigurationPackages': no URL paths identified
2016-06-27 23:38:30.531 DEBUG 4464 --- [           main] o.s.w.s.h.BeanNameUrlHandlerMapping      : Rejected bean name 'org.springframework.boot.autoconfigure.PropertyPlaceholderAutoConfiguration': no URL paths identified
2016-06-27 23:38:30.531 DEBUG 4464 --- [           main] o.s.w.s.h.BeanNameUrlHandlerMapping      : Rejected bean name 'org.springframework.boot.autoconfigure.condition.BeanTypeRegistry': no URL paths identified
2016-06-27 23:38:30.531 DEBUG 4464 --- [           main] o.s.w.s.h.BeanNameUrlHandlerMapping      : Rejected bean name 'propertySourcesPlaceholderConfigurer': no URL paths identified
2016-06-27 23:38:30.531 DEBUG 4464 --- [           main] o.s.w.s.h.BeanNameUrlHandlerMapping      : Rejected bean name 'org.springframework.boot.autoconfigure.websocket.WebSocketAutoConfiguration$TomcatWebSocketConfiguration': no URL paths identified
2016-06-27 23:38:30.531 DEBUG 4464 --- [           main] o.s.w.s.h.BeanNameUrlHandlerMapping      : Rejected bean name 'websocketContainerCustomizer': no URL paths identified
2016-06-27 23:38:30.531 DEBUG 4464 --- [           main] o.s.w.s.h.BeanNameUrlHandlerMapping      : Rejected bean name 'org.springframework.boot.autoconfigure.websocket.WebSocketAutoConfiguration': no URL paths identified
2016-06-27 23:38:30.531 DEBUG 4464 --- [           main] o.s.w.s.h.BeanNameUrlHandlerMapping      : Rejected bean name 'org.springframework.boot.autoconfigure.web.EmbeddedServletContainerAutoConfiguration$EmbeddedTomcat': no URL paths identified
2016-06-27 23:38:30.531 DEBUG 4464 --- [           main] o.s.w.s.h.BeanNameUrlHandlerMapping      : Rejected bean name 'tomcatEmbeddedServletContainerFactory': no URL paths identified
2016-06-27 23:38:30.531 DEBUG 4464 --- [           main] o.s.w.s.h.BeanNameUrlHandlerMapping      : Rejected bean name 'org.springframework.boot.autoconfigure.web.EmbeddedServletContainerAutoConfiguration': no URL paths identified
2016-06-27 23:38:30.531 DEBUG 4464 --- [           main] o.s.w.s.h.BeanNameUrlHandlerMapping      : Rejected bean name 'embeddedServletContainerCustomizerBeanPostProcessor': no URL paths identified
2016-06-27 23:38:30.531 DEBUG 4464 --- [           main] o.s.w.s.h.BeanNameUrlHandlerMapping      : Rejected bean name 'org.springframework.boot.autoconfigure.web.DispatcherServletAutoConfiguration$DispatcherServletConfiguration': no URL paths identified
2016-06-27 23:38:30.531 DEBUG 4464 --- [           main] o.s.w.s.h.BeanNameUrlHandlerMapping      : Rejected bean name 'dispatcherServlet': no URL paths identified
2016-06-27 23:38:30.531 DEBUG 4464 --- [           main] o.s.w.s.h.BeanNameUrlHandlerMapping      : Rejected bean name 'dispatcherServletRegistration': no URL paths identified
2016-06-27 23:38:30.531 DEBUG 4464 --- [           main] o.s.w.s.h.BeanNameUrlHandlerMapping      : Rejected bean name 'spring.mvc.CONFIGURATION_PROPERTIES': no URL paths identified
2016-06-27 23:38:30.531 DEBUG 4464 --- [           main] o.s.w.s.h.BeanNameUrlHandlerMapping      : Rejected bean name 'org.springframework.boot.context.properties.ConfigurationPropertiesBindingPostProcessor': no URL paths identified
2016-06-27 23:38:30.532 DEBUG 4464 --- [           main] o.s.w.s.h.BeanNameUrlHandlerMapping      : Rejected bean name 'org.springframework.boot.context.properties.ConfigurationPropertiesBindingPostProcessor.store': no URL paths identified
2016-06-27 23:38:30.532 DEBUG 4464 --- [           main] o.s.w.s.h.BeanNameUrlHandlerMapping      : Rejected bean name 'org.springframework.boot.autoconfigure.web.DispatcherServletAutoConfiguration': no URL paths identified
2016-06-27 23:38:30.532 DEBUG 4464 --- [           main] o.s.w.s.h.BeanNameUrlHandlerMapping      : Rejected bean name 'org.springframework.boot.autoconfigure.web.ErrorMvcAutoConfiguration$WhitelabelErrorViewConfiguration': no URL paths identified
2016-06-27 23:38:30.532 DEBUG 4464 --- [           main] o.s.w.s.h.BeanNameUrlHandlerMapping      : Rejected bean name 'error': no URL paths identified
2016-06-27 23:38:30.532 DEBUG 4464 --- [           main] o.s.w.s.h.BeanNameUrlHandlerMapping      : Rejected bean name 'beanNameViewResolver': no URL paths identified
2016-06-27 23:38:30.532 DEBUG 4464 --- [           main] o.s.w.s.h.BeanNameUrlHandlerMapping      : Rejected bean name 'org.springframework.boot.autoconfigure.web.ErrorMvcAutoConfiguration': no URL paths identified
2016-06-27 23:38:30.532 DEBUG 4464 --- [           main] o.s.w.s.h.BeanNameUrlHandlerMapping      : Rejected bean name 'errorAttributes': no URL paths identified
2016-06-27 23:38:30.532 DEBUG 4464 --- [           main] o.s.w.s.h.BeanNameUrlHandlerMapping      : Rejected bean name 'basicErrorController': no URL paths identified
2016-06-27 23:38:30.532 DEBUG 4464 --- [           main] o.s.w.s.h.BeanNameUrlHandlerMapping      : Rejected bean name 'errorPageCustomizer': no URL paths identified
2016-06-27 23:38:30.532 DEBUG 4464 --- [           main] o.s.w.s.h.BeanNameUrlHandlerMapping      : Rejected bean name 'preserveErrorControllerTargetClassPostProcessor': no URL paths identified
2016-06-27 23:38:30.532 DEBUG 4464 --- [           main] o.s.w.s.h.BeanNameUrlHandlerMapping      : Rejected bean name 'org.springframework.boot.autoconfigure.web.WebMvcAutoConfiguration$EnableWebMvcConfiguration': no URL paths identified
2016-06-27 23:38:30.532 DEBUG 4464 --- [           main] o.s.w.s.h.BeanNameUrlHandlerMapping      : Rejected bean name 'requestMappingHandlerAdapter': no URL paths identified
2016-06-27 23:38:30.532 DEBUG 4464 --- [           main] o.s.w.s.h.BeanNameUrlHandlerMapping      : Rejected bean name 'requestMappingHandlerMapping': no URL paths identified
2016-06-27 23:38:30.532 DEBUG 4464 --- [           main] o.s.w.s.h.BeanNameUrlHandlerMapping      : Rejected bean name 'mvcContentNegotiationManager': no URL paths identified
2016-06-27 23:38:30.532 DEBUG 4464 --- [           main] o.s.w.s.h.BeanNameUrlHandlerMapping      : Rejected bean name 'viewControllerHandlerMapping': no URL paths identified
2016-06-27 23:38:30.533 DEBUG 4464 --- [           main] o.s.w.s.h.BeanNameUrlHandlerMapping      : Rejected bean name 'beanNameHandlerMapping': no URL paths identified
2016-06-27 23:38:30.533 DEBUG 4464 --- [           main] o.s.w.s.h.BeanNameUrlHandlerMapping      : Rejected bean name 'resourceHandlerMapping': no URL paths identified
2016-06-27 23:38:30.533 DEBUG 4464 --- [           main] o.s.w.s.h.BeanNameUrlHandlerMapping      : Rejected bean name 'mvcResourceUrlProvider': no URL paths identified
2016-06-27 23:38:30.533 DEBUG 4464 --- [           main] o.s.w.s.h.BeanNameUrlHandlerMapping      : Rejected bean name 'defaultServletHandlerMapping': no URL paths identified
2016-06-27 23:38:30.533 DEBUG 4464 --- [           main] o.s.w.s.h.BeanNameUrlHandlerMapping      : Rejected bean name 'mvcConversionService': no URL paths identified
2016-06-27 23:38:30.533 DEBUG 4464 --- [           main] o.s.w.s.h.BeanNameUrlHandlerMapping      : Rejected bean name 'mvcValidator': no URL paths identified
2016-06-27 23:38:30.533 DEBUG 4464 --- [           main] o.s.w.s.h.BeanNameUrlHandlerMapping      : Rejected bean name 'mvcPathMatcher': no URL paths identified
2016-06-27 23:38:30.533 DEBUG 4464 --- [           main] o.s.w.s.h.BeanNameUrlHandlerMapping      : Rejected bean name 'mvcUrlPathHelper': no URL paths identified
2016-06-27 23:38:30.533 DEBUG 4464 --- [           main] o.s.w.s.h.BeanNameUrlHandlerMapping      : Rejected bean name 'mvcUriComponentsContributor': no URL paths identified
2016-06-27 23:38:30.533 DEBUG 4464 --- [           main] o.s.w.s.h.BeanNameUrlHandlerMapping      : Rejected bean name 'httpRequestHandlerAdapter': no URL paths identified
2016-06-27 23:38:30.533 DEBUG 4464 --- [           main] o.s.w.s.h.BeanNameUrlHandlerMapping      : Rejected bean name 'simpleControllerHandlerAdapter': no URL paths identified
2016-06-27 23:38:30.533 DEBUG 4464 --- [           main] o.s.w.s.h.BeanNameUrlHandlerMapping      : Rejected bean name 'handlerExceptionResolver': no URL paths identified
2016-06-27 23:38:30.533 DEBUG 4464 --- [           main] o.s.w.s.h.BeanNameUrlHandlerMapping      : Rejected bean name 'mvcViewResolver': no URL paths identified
2016-06-27 23:38:30.533 DEBUG 4464 --- [           main] o.s.w.s.h.BeanNameUrlHandlerMapping      : Rejected bean name 'org.springframework.boot.autoconfigure.web.WebMvcAutoConfiguration$WebMvcAutoConfigurationAdapter$FaviconConfiguration': no URL paths identified
2016-06-27 23:38:30.533 DEBUG 4464 --- [           main] o.s.w.s.h.BeanNameUrlHandlerMapping      : Rejected bean name 'faviconHandlerMapping': no URL paths identified
2016-06-27 23:38:30.533 DEBUG 4464 --- [           main] o.s.w.s.h.BeanNameUrlHandlerMapping      : Rejected bean name 'faviconRequestHandler': no URL paths identified
2016-06-27 23:38:30.533 DEBUG 4464 --- [           main] o.s.w.s.h.BeanNameUrlHandlerMapping      : Rejected bean name 'org.springframework.boot.autoconfigure.web.WebMvcAutoConfiguration$WebMvcAutoConfigurationAdapter': no URL paths identified
2016-06-27 23:38:30.534 DEBUG 4464 --- [           main] o.s.w.s.h.BeanNameUrlHandlerMapping      : Rejected bean name 'defaultViewResolver': no URL paths identified
2016-06-27 23:38:30.534 DEBUG 4464 --- [           main] o.s.w.s.h.BeanNameUrlHandlerMapping      : Rejected bean name 'requestContextFilter': no URL paths identified
2016-06-27 23:38:30.534 DEBUG 4464 --- [           main] o.s.w.s.h.BeanNameUrlHandlerMapping      : Rejected bean name 'viewResolver': no URL paths identified
2016-06-27 23:38:30.534 DEBUG 4464 --- [           main] o.s.w.s.h.BeanNameUrlHandlerMapping      : Rejected bean name 'spring.resources.CONFIGURATION_PROPERTIES': no URL paths identified
2016-06-27 23:38:30.534 DEBUG 4464 --- [           main] o.s.w.s.h.BeanNameUrlHandlerMapping      : Rejected bean name 'org.springframework.boot.autoconfigure.web.WebMvcAutoConfiguration': no URL paths identified
2016-06-27 23:38:30.534 DEBUG 4464 --- [           main] o.s.w.s.h.BeanNameUrlHandlerMapping      : Rejected bean name 'hiddenHttpMethodFilter': no URL paths identified
2016-06-27 23:38:30.534 DEBUG 4464 --- [           main] o.s.w.s.h.BeanNameUrlHandlerMapping      : Rejected bean name 'httpPutFormContentFilter': no URL paths identified
2016-06-27 23:38:30.534 DEBUG 4464 --- [           main] o.s.w.s.h.BeanNameUrlHandlerMapping      : Rejected bean name 'org.springframework.boot.autoconfigure.aop.AopAutoConfiguration$JdkDynamicAutoProxyConfiguration': no URL paths identified
2016-06-27 23:38:30.534 DEBUG 4464 --- [           main] o.s.w.s.h.BeanNameUrlHandlerMapping      : Rejected bean name 'org.springframework.aop.config.internalAutoProxyCreator': no URL paths identified
2016-06-27 23:38:30.534 DEBUG 4464 --- [           main] o.s.w.s.h.BeanNameUrlHandlerMapping      : Rejected bean name 'org.springframework.boot.autoconfigure.aop.AopAutoConfiguration': no URL paths identified
2016-06-27 23:38:30.534 DEBUG 4464 --- [           main] o.s.w.s.h.BeanNameUrlHandlerMapping      : Rejected bean name 'org.springframework.boot.autoconfigure.transaction.jta.JtaAutoConfiguration': no URL paths identified
2016-06-27 23:38:30.534 DEBUG 4464 --- [           main] o.s.w.s.h.BeanNameUrlHandlerMapping      : Rejected bean name 'spring.jta.CONFIGURATION_PROPERTIES': no URL paths identified
2016-06-27 23:38:30.534 DEBUG 4464 --- [           main] o.s.w.s.h.BeanNameUrlHandlerMapping      : Rejected bean name 'org.springframework.boot.autoconfigure.jdbc.DataSourceAutoConfiguration$JdbcTemplateConfiguration': no URL paths identified
2016-06-27 23:38:30.534 DEBUG 4464 --- [           main] o.s.w.s.h.BeanNameUrlHandlerMapping      : Rejected bean name 'jdbcTemplate': no URL paths identified
2016-06-27 23:38:30.534 DEBUG 4464 --- [           main] o.s.w.s.h.BeanNameUrlHandlerMapping      : Rejected bean name 'namedParameterJdbcTemplate': no URL paths identified
2016-06-27 23:38:30.534 DEBUG 4464 --- [           main] o.s.w.s.h.BeanNameUrlHandlerMapping      : Rejected bean name 'org.springframework.boot.autoconfigure.jdbc.DataSourceAutoConfiguration$DataSourceInitializerConfiguration': no URL paths identified
2016-06-27 23:38:30.535 DEBUG 4464 --- [           main] o.s.w.s.h.BeanNameUrlHandlerMapping      : Rejected bean name 'dataSourceInitializer': no URL paths identified
2016-06-27 23:38:30.535 DEBUG 4464 --- [           main] o.s.w.s.h.BeanNameUrlHandlerMapping      : Rejected bean name 'org.springframework.boot.autoconfigure.jdbc.metadata.DataSourcePoolMetadataProvidersConfiguration$TomcatDataSourcePoolMetadataProviderConfiguration': no URL paths identified
2016-06-27 23:38:30.535 DEBUG 4464 --- [           main] o.s.w.s.h.BeanNameUrlHandlerMapping      : Rejected bean name 'tomcatPoolDataSourceMetadataProvider': no URL paths identified
2016-06-27 23:38:30.535 DEBUG 4464 --- [           main] o.s.w.s.h.BeanNameUrlHandlerMapping      : Rejected bean name 'org.springframework.boot.autoconfigure.jdbc.metadata.DataSourcePoolMetadataProvidersConfiguration': no URL paths identified
2016-06-27 23:38:30.535 DEBUG 4464 --- [           main] o.s.w.s.h.BeanNameUrlHandlerMapping      : Rejected bean name 'org.springframework.boot.autoconfigure.jdbc.DataSourceAutoConfiguration': no URL paths identified
2016-06-27 23:38:30.535 DEBUG 4464 --- [           main] o.s.w.s.h.BeanNameUrlHandlerMapping      : Rejected bean name 'spring.datasource.CONFIGURATION_PROPERTIES': no URL paths identified
2016-06-27 23:38:30.535 DEBUG 4464 --- [           main] o.s.w.s.h.BeanNameUrlHandlerMapping      : Rejected bean name 'dataSourceInitializerPostProcessor': no URL paths identified
2016-06-27 23:38:30.535 DEBUG 4464 --- [           main] o.s.w.s.h.BeanNameUrlHandlerMapping      : Rejected bean name 'org.springframework.boot.autoconfigure.orm.jpa.JpaBaseConfiguration$JpaWebConfiguration$JpaWebMvcConfiguration': no URL paths identified
2016-06-27 23:38:30.535 DEBUG 4464 --- [           main] o.s.w.s.h.BeanNameUrlHandlerMapping      : Rejected bean name 'openEntityManagerInViewInterceptor': no URL paths identified
2016-06-27 23:38:30.535 DEBUG 4464 --- [           main] o.s.w.s.h.BeanNameUrlHandlerMapping      : Rejected bean name 'org.springframework.boot.autoconfigure.orm.jpa.JpaBaseConfiguration$JpaWebConfiguration': no URL paths identified
2016-06-27 23:38:30.535 DEBUG 4464 --- [           main] o.s.w.s.h.BeanNameUrlHandlerMapping      : Rejected bean name 'org.springframework.boot.autoconfigure.orm.jpa.HibernateJpaAutoConfiguration': no URL paths identified
2016-06-27 23:38:30.535 DEBUG 4464 --- [           main] o.s.w.s.h.BeanNameUrlHandlerMapping      : Rejected bean name 'transactionManager': no URL paths identified
2016-06-27 23:38:30.535 DEBUG 4464 --- [           main] o.s.w.s.h.BeanNameUrlHandlerMapping      : Rejected bean name 'jpaVendorAdapter': no URL paths identified
2016-06-27 23:38:30.535 DEBUG 4464 --- [           main] o.s.w.s.h.BeanNameUrlHandlerMapping      : Rejected bean name 'entityManagerFactoryBuilder': no URL paths identified
2016-06-27 23:38:30.536 DEBUG 4464 --- [           main] o.s.w.s.h.BeanNameUrlHandlerMapping      : Rejected bean name 'entityManagerFactory': no URL paths identified
2016-06-27 23:38:30.536 DEBUG 4464 --- [           main] o.s.w.s.h.BeanNameUrlHandlerMapping      : Rejected bean name 'spring.jpa.CONFIGURATION_PROPERTIES': no URL paths identified
2016-06-27 23:38:30.536 DEBUG 4464 --- [           main] o.s.w.s.h.BeanNameUrlHandlerMapping      : Rejected bean name 'dataSourceInitializedPublisher': no URL paths identified
2016-06-27 23:38:30.536 DEBUG 4464 --- [           main] o.s.w.s.h.BeanNameUrlHandlerMapping      : Rejected bean name 'org.springframework.boot.autoconfigure.context.ConfigurationPropertiesAutoConfiguration': no URL paths identified
2016-06-27 23:38:30.536 DEBUG 4464 --- [           main] o.s.w.s.h.BeanNameUrlHandlerMapping      : Rejected bean name 'org.springframework.boot.autoconfigure.dao.PersistenceExceptionTranslationAutoConfiguration': no URL paths identified
2016-06-27 23:38:30.536 DEBUG 4464 --- [           main] o.s.w.s.h.BeanNameUrlHandlerMapping      : Rejected bean name 'persistenceExceptionTranslationPostProcessor': no URL paths identified
2016-06-27 23:38:30.536 DEBUG 4464 --- [           main] o.s.w.s.h.BeanNameUrlHandlerMapping      : Rejected bean name 'org.springframework.boot.autoconfigure.data.jpa.JpaRepositoriesAutoConfiguration': no URL paths identified
2016-06-27 23:38:30.536 DEBUG 4464 --- [           main] o.s.w.s.h.BeanNameUrlHandlerMapping      : Rejected bean name 'org.springframework.data.repository.core.support.RepositoryInterfaceAwareBeanPostProcessor': no URL paths identified
2016-06-27 23:38:30.536 DEBUG 4464 --- [           main] o.s.w.s.h.BeanNameUrlHandlerMapping      : Rejected bean name 'emBeanDefinitionRegistrarPostProcessor': no URL paths identified
2016-06-27 23:38:30.536 DEBUG 4464 --- [           main] o.s.w.s.h.BeanNameUrlHandlerMapping      : Rejected bean name 'jpaMappingContext': no URL paths identified
2016-06-27 23:38:30.536 DEBUG 4464 --- [           main] o.s.w.s.h.BeanNameUrlHandlerMapping      : Rejected bean name 'jpaContext': no URL paths identified
2016-06-27 23:38:30.536 DEBUG 4464 --- [           main] o.s.w.s.h.BeanNameUrlHandlerMapping      : Rejected bean name 'routesRepository': no URL paths identified
2016-06-27 23:38:30.536 DEBUG 4464 --- [           main] o.s.w.s.h.BeanNameUrlHandlerMapping      : Rejected bean name 'org.springframework.boot.autoconfigure.jackson.JacksonAutoConfiguration$JacksonObjectMapperBuilderConfiguration': no URL paths identified
2016-06-27 23:38:30.537 DEBUG 4464 --- [           main] o.s.w.s.h.BeanNameUrlHandlerMapping      : Rejected bean name 'jacksonObjectMapperBuilder': no URL paths identified
2016-06-27 23:38:30.537 DEBUG 4464 --- [           main] o.s.w.s.h.BeanNameUrlHandlerMapping      : Rejected bean name 'spring.jackson.CONFIGURATION_PROPERTIES': no URL paths identified
2016-06-27 23:38:30.537 DEBUG 4464 --- [           main] o.s.w.s.h.BeanNameUrlHandlerMapping      : Rejected bean name 'org.springframework.boot.autoconfigure.jackson.JacksonAutoConfiguration$JacksonObjectMapperConfiguration': no URL paths identified
2016-06-27 23:38:30.537 DEBUG 4464 --- [           main] o.s.w.s.h.BeanNameUrlHandlerMapping      : Rejected bean name 'jacksonObjectMapper': no URL paths identified
2016-06-27 23:38:30.537 DEBUG 4464 --- [           main] o.s.w.s.h.BeanNameUrlHandlerMapping      : Rejected bean name 'org.springframework.boot.autoconfigure.jackson.JacksonAutoConfiguration': no URL paths identified
2016-06-27 23:38:30.537 DEBUG 4464 --- [           main] o.s.w.s.h.BeanNameUrlHandlerMapping      : Rejected bean name 'org.springframework.boot.autoconfigure.web.HttpMessageConvertersAutoConfiguration$StringHttpMessageConverterConfiguration': no URL paths identified
2016-06-27 23:38:30.537 DEBUG 4464 --- [           main] o.s.w.s.h.BeanNameUrlHandlerMapping      : Rejected bean name 'stringHttpMessageConverter': no URL paths identified
2016-06-27 23:38:30.537 DEBUG 4464 --- [           main] o.s.w.s.h.BeanNameUrlHandlerMapping      : Rejected bean name 'spring.http.encoding.CONFIGURATION_PROPERTIES': no URL paths identified
2016-06-27 23:38:30.537 DEBUG 4464 --- [           main] o.s.w.s.h.BeanNameUrlHandlerMapping      : Rejected bean name 'org.springframework.boot.autoconfigure.web.JacksonHttpMessageConvertersConfiguration$MappingJackson2HttpMessageConverterConfiguration': no URL paths identified
2016-06-27 23:38:30.537 DEBUG 4464 --- [           main] o.s.w.s.h.BeanNameUrlHandlerMapping      : Rejected bean name 'mappingJackson2HttpMessageConverter': no URL paths identified
2016-06-27 23:38:30.537 DEBUG 4464 --- [           main] o.s.w.s.h.BeanNameUrlHandlerMapping      : Rejected bean name 'org.springframework.boot.autoconfigure.web.JacksonHttpMessageConvertersConfiguration': no URL paths identified
2016-06-27 23:38:30.537 DEBUG 4464 --- [           main] o.s.w.s.h.BeanNameUrlHandlerMapping      : Rejected bean name 'org.springframework.boot.autoconfigure.web.HttpMessageConvertersAutoConfiguration': no URL paths identified
2016-06-27 23:38:30.537 DEBUG 4464 --- [           main] o.s.w.s.h.BeanNameUrlHandlerMapping      : Rejected bean name 'messageConverters': no URL paths identified
2016-06-27 23:38:30.537 DEBUG 4464 --- [           main] o.s.w.s.h.BeanNameUrlHandlerMapping      : Rejected bean name 'org.springframework.data.web.config.SpringDataWebConfiguration': no URL paths identified
2016-06-27 23:38:30.537 DEBUG 4464 --- [           main] o.s.w.s.h.BeanNameUrlHandlerMapping      : Rejected bean name 'pageableResolver': no URL paths identified
2016-06-27 23:38:30.537 DEBUG 4464 --- [           main] o.s.w.s.h.BeanNameUrlHandlerMapping      : Rejected bean name 'sortResolver': no URL paths identified
2016-06-27 23:38:30.538 DEBUG 4464 --- [           main] o.s.w.s.h.BeanNameUrlHandlerMapping      : Rejected bean name 'org.springframework.data.web.config.SpringDataJacksonConfiguration': no URL paths identified
2016-06-27 23:38:30.538 DEBUG 4464 --- [           main] o.s.w.s.h.BeanNameUrlHandlerMapping      : Rejected bean name 'jacksonGeoModule': no URL paths identified
2016-06-27 23:38:30.538 DEBUG 4464 --- [           main] o.s.w.s.h.BeanNameUrlHandlerMapping      : Rejected bean name 'org.springframework.boot.autoconfigure.data.web.SpringDataWebAutoConfiguration': no URL paths identified
2016-06-27 23:38:30.538 DEBUG 4464 --- [           main] o.s.w.s.h.BeanNameUrlHandlerMapping      : Rejected bean name 'org.springframework.boot.autoconfigure.flyway.FlywayAutoConfiguration$FlywayJpaDependencyConfiguration': no URL paths identified
2016-06-27 23:38:30.538 DEBUG 4464 --- [           main] o.s.w.s.h.BeanNameUrlHandlerMapping      : Rejected bean name 'org.springframework.boot.autoconfigure.flyway.FlywayAutoConfiguration$FlywayConfiguration$FlywayInitializerJpaDependencyConfiguration': no URL paths identified
2016-06-27 23:38:30.538 DEBUG 4464 --- [           main] o.s.w.s.h.BeanNameUrlHandlerMapping      : Rejected bean name 'org.springframework.boot.autoconfigure.flyway.FlywayAutoConfiguration$FlywayConfiguration': no URL paths identified
2016-06-27 23:38:30.538 DEBUG 4464 --- [           main] o.s.w.s.h.BeanNameUrlHandlerMapping      : Rejected bean name 'flyway': no URL paths identified
2016-06-27 23:38:30.538 DEBUG 4464 --- [           main] o.s.w.s.h.BeanNameUrlHandlerMapping      : Rejected bean name 'flywayInitializer': no URL paths identified
2016-06-27 23:38:30.538 DEBUG 4464 --- [           main] o.s.w.s.h.BeanNameUrlHandlerMapping      : Rejected bean name 'flyway.CONFIGURATION_PROPERTIES': no URL paths identified
2016-06-27 23:38:30.538 DEBUG 4464 --- [           main] o.s.w.s.h.BeanNameUrlHandlerMapping      : Rejected bean name 'org.springframework.boot.autoconfigure.flyway.FlywayAutoConfiguration': no URL paths identified
2016-06-27 23:38:30.538 DEBUG 4464 --- [           main] o.s.w.s.h.BeanNameUrlHandlerMapping      : Rejected bean name 'stringOrNumberMigrationVersionConverter': no URL paths identified
2016-06-27 23:38:30.538 DEBUG 4464 --- [           main] o.s.w.s.h.BeanNameUrlHandlerMapping      : Rejected bean name 'org.springframework.boot.autoconfigure.h2.H2ConsoleAutoConfiguration': no URL paths identified
2016-06-27 23:38:30.538 DEBUG 4464 --- [           main] o.s.w.s.h.BeanNameUrlHandlerMapping      : Rejected bean name 'h2Console': no URL paths identified
2016-06-27 23:38:30.538 DEBUG 4464 --- [           main] o.s.w.s.h.BeanNameUrlHandlerMapping      : Rejected bean name 'spring.h2.console.CONFIGURATION_PROPERTIES': no URL paths identified
2016-06-27 23:38:30.538 DEBUG 4464 --- [           main] o.s.w.s.h.BeanNameUrlHandlerMapping      : Rejected bean name 'org.springframework.transaction.annotation.ProxyTransactionManagementConfiguration': no URL paths identified
2016-06-27 23:38:30.539 DEBUG 4464 --- [           main] o.s.w.s.h.BeanNameUrlHandlerMapping      : Rejected bean name 'org.springframework.transaction.config.internalTransactionAdvisor': no URL paths identified
2016-06-27 23:38:30.539 DEBUG 4464 --- [           main] o.s.w.s.h.BeanNameUrlHandlerMapping      : Rejected bean name 'transactionAttributeSource': no URL paths identified
2016-06-27 23:38:30.539 DEBUG 4464 --- [           main] o.s.w.s.h.BeanNameUrlHandlerMapping      : Rejected bean name 'transactionInterceptor': no URL paths identified
2016-06-27 23:38:30.539 DEBUG 4464 --- [           main] o.s.w.s.h.BeanNameUrlHandlerMapping      : Rejected bean name 'org.springframework.transaction.config.internalTransactionalEventListenerFactory': no URL paths identified
2016-06-27 23:38:30.539 DEBUG 4464 --- [           main] o.s.w.s.h.BeanNameUrlHandlerMapping      : Rejected bean name 'org.springframework.boot.autoconfigure.jdbc.DataSourceTransactionManagerAutoConfiguration$TransactionManagementConfiguration': no URL paths identified
2016-06-27 23:38:30.539 DEBUG 4464 --- [           main] o.s.w.s.h.BeanNameUrlHandlerMapping      : Rejected bean name 'org.springframework.boot.autoconfigure.jdbc.DataSourceTransactionManagerAutoConfiguration': no URL paths identified
2016-06-27 23:38:30.539 DEBUG 4464 --- [           main] o.s.w.s.h.BeanNameUrlHandlerMapping      : Rejected bean name 'org.springframework.boot.autoconfigure.transaction.TransactionAutoConfiguration': no URL paths identified
2016-06-27 23:38:30.539 DEBUG 4464 --- [           main] o.s.w.s.h.BeanNameUrlHandlerMapping      : Rejected bean name 'transactionTemplate': no URL paths identified
2016-06-27 23:38:30.539 DEBUG 4464 --- [           main] o.s.w.s.h.BeanNameUrlHandlerMapping      : Rejected bean name 'org.springframework.boot.autoconfigure.web.HttpEncodingAutoConfiguration': no URL paths identified
2016-06-27 23:38:30.539 DEBUG 4464 --- [           main] o.s.w.s.h.BeanNameUrlHandlerMapping      : Rejected bean name 'characterEncodingFilter': no URL paths identified
2016-06-27 23:38:30.539 DEBUG 4464 --- [           main] o.s.w.s.h.BeanNameUrlHandlerMapping      : Rejected bean name 'org.springframework.boot.autoconfigure.web.MultipartAutoConfiguration': no URL paths identified
2016-06-27 23:38:30.539 DEBUG 4464 --- [           main] o.s.w.s.h.BeanNameUrlHandlerMapping      : Rejected bean name 'multipartConfigElement': no URL paths identified
2016-06-27 23:38:30.539 DEBUG 4464 --- [           main] o.s.w.s.h.BeanNameUrlHandlerMapping      : Rejected bean name 'multipartResolver': no URL paths identified
2016-06-27 23:38:30.539 DEBUG 4464 --- [           main] o.s.w.s.h.BeanNameUrlHandlerMapping      : Rejected bean name 'multipart.CONFIGURATION_PROPERTIES': no URL paths identified
2016-06-27 23:38:30.539 DEBUG 4464 --- [           main] o.s.w.s.h.BeanNameUrlHandlerMapping      : Rejected bean name 'org.springframework.boot.autoconfigure.web.ServerPropertiesAutoConfiguration': no URL paths identified
2016-06-27 23:38:30.539 DEBUG 4464 --- [           main] o.s.w.s.h.BeanNameUrlHandlerMapping      : Rejected bean name 'serverProperties': no URL paths identified
2016-06-27 23:38:30.539 DEBUG 4464 --- [           main] o.s.w.s.h.BeanNameUrlHandlerMapping      : Rejected bean name 'duplicateServerPropertiesDetector': no URL paths identified
2016-06-27 23:38:30.540 DEBUG 4464 --- [           main] o.s.w.s.h.BeanNameUrlHandlerMapping      : Rejected bean name 'org.springframework.orm.jpa.SharedEntityManagerCreator#0': no URL paths identified
2016-06-27 23:38:30.540 DEBUG 4464 --- [           main] o.s.w.s.h.BeanNameUrlHandlerMapping      : Rejected bean name 'autoConfigurationReport': no URL paths identified
2016-06-27 23:38:30.540 DEBUG 4464 --- [           main] o.s.w.s.h.BeanNameUrlHandlerMapping      : Rejected bean name 'applicationEventMulticaster': no URL paths identified
2016-06-27 23:38:30.540 DEBUG 4464 --- [           main] o.s.w.s.h.BeanNameUrlHandlerMapping      : Rejected bean name 'springApplicationArguments': no URL paths identified
2016-06-27 23:38:30.540 DEBUG 4464 --- [           main] o.s.w.s.h.BeanNameUrlHandlerMapping      : Rejected bean name 'springBootLoggingSystem': no URL paths identified
2016-06-27 23:38:30.540 DEBUG 4464 --- [           main] o.s.w.s.h.BeanNameUrlHandlerMapping      : Rejected bean name 'environment': no URL paths identified
2016-06-27 23:38:30.540 DEBUG 4464 --- [           main] o.s.w.s.h.BeanNameUrlHandlerMapping      : Rejected bean name 'systemProperties': no URL paths identified
2016-06-27 23:38:30.540 DEBUG 4464 --- [           main] o.s.w.s.h.BeanNameUrlHandlerMapping      : Rejected bean name 'systemEnvironment': no URL paths identified
2016-06-27 23:38:30.540 DEBUG 4464 --- [           main] o.s.w.s.h.BeanNameUrlHandlerMapping      : Rejected bean name 'org.springframework.context.annotation.ConfigurationClassPostProcessor.importRegistry': no URL paths identified
2016-06-27 23:38:30.540 DEBUG 4464 --- [           main] o.s.w.s.h.BeanNameUrlHandlerMapping      : Rejected bean name 'messageSource': no URL paths identified
2016-06-27 23:38:30.540 DEBUG 4464 --- [           main] o.s.w.s.h.BeanNameUrlHandlerMapping      : Rejected bean name 'servletContext': no URL paths identified
2016-06-27 23:38:30.540 DEBUG 4464 --- [           main] o.s.w.s.h.BeanNameUrlHandlerMapping      : Rejected bean name 'contextParameters': no URL paths identified
2016-06-27 23:38:30.540 DEBUG 4464 --- [           main] o.s.w.s.h.BeanNameUrlHandlerMapping      : Rejected bean name 'contextAttributes': no URL paths identified
2016-06-27 23:38:30.547  INFO 4464 --- [           main] o.s.w.s.handler.SimpleUrlHandlerMapping  : Mapped URL path [/webjars/**] onto handler of type [class org.springframework.web.servlet.resource.ResourceHttpRequestHandler]
2016-06-27 23:38:30.547  INFO 4464 --- [           main] o.s.w.s.handler.SimpleUrlHandlerMapping  : Mapped URL path [/**] onto handler of type [class org.springframework.web.servlet.resource.ResourceHttpRequestHandler]
2016-06-27 23:38:30.566 DEBUG 4464 --- [           main] .m.m.a.ExceptionHandlerExceptionResolver : Looking for exception mappings: org.springframework.boot.context.embedded.AnnotationConfigEmbeddedWebApplicationContext@cde8c6c: startup date [Mon Jun 27 23:38:28 BST 2016]; root of context hierarchy
2016-06-27 23:38:30.586  INFO 4464 --- [           main] o.s.w.s.handler.SimpleUrlHandlerMapping  : Mapped URL path [/**/favicon.ico] onto handler of type [class org.springframework.web.servlet.resource.ResourceHttpRequestHandler]
2016-06-27 23:38:30.728 DEBUG 4464 --- [           main] o.s.w.s.resource.ResourceUrlProvider     : Looking for resource handler mappings
2016-06-27 23:38:30.729 DEBUG 4464 --- [           main] o.s.w.s.resource.ResourceUrlProvider     : Found resource handler mapping: URL pattern="/**/favicon.ico", locations=[ServletContext resource [/], class path resource [META-INF/resources/], class path resource [resources/], class path resource [static/], class path resource [public/], class path resource []], resolvers=[org.springframework.web.servlet.resource.PathResourceResolver@9bf63d2]
2016-06-27 23:38:30.729 DEBUG 4464 --- [           main] o.s.w.s.resource.ResourceUrlProvider     : Found resource handler mapping: URL pattern="/webjars/**", locations=[class path resource [META-INF/resources/webjars/]], resolvers=[org.springframework.web.servlet.resource.PathResourceResolver@7ffcb232]
2016-06-27 23:38:30.730 DEBUG 4464 --- [           main] o.s.w.s.resource.ResourceUrlProvider     : Found resource handler mapping: URL pattern="/**", locations=[ServletContext resource [/], class path resource [META-INF/resources/], class path resource [resources/], class path resource [static/], class path resource [public/]], resolvers=[org.springframework.web.servlet.resource.PathResourceResolver@7f53fc38]
2016-06-27 23:38:30.790  INFO 4464 --- [           main] s.b.c.e.t.TomcatEmbeddedServletContainer : Tomcat started on port(s): 9090 (http)
2016-06-27 23:38:30.791  INFO 4464 --- [           main] c.e.RoutesControllerWebIntegrationTest   : Started RoutesControllerWebIntegrationTest in 2.365 seconds (JVM running for 7.177)
2016-06-27 23:38:30.856 DEBUG 4464 --- [           main] o.s.web.client.RestTemplate              : Created GET request for "http://localhost:9191/api/v1/routes"
2016-06-27 23:38:30.862 DEBUG 4464 --- [           main] o.s.web.client.RestTemplate              : Setting request Accept header to [text/plain, application/json, application/*+json, */*]
]]></system-out>
  </testcase>
</testsuite>